<?xml version="1.0" encoding="UTF-8" standalone="yes"?><!DOCTYPE report PUBLIC "-//JACOCO//DTD Report 1.0//EN" "report.dtd"><report name="JaCoCo"><sessioninfo id="tim-Precision-Tower-3620-c37b63d4" start="1574219409506" dump="1574219409666"/><sessioninfo id="tim-Precision-Tower-3620-aa84f7f" start="1574220291495" dump="1574220291662"/><sessioninfo id="tim-Precision-Tower-3620-62d1f6e9" start="1574220666375" dump="1574220666541"/><sessioninfo id="tim-Precision-Tower-3620-edac4005" start="1574221454589" dump="1574221454756"/><sessioninfo id="tim-Precision-Tower-3620-c60ce265" start="1574221893770" dump="1574221893958"/><sessioninfo id="tim-Precision-Tower-3620-f97c1939" start="1574222469415" dump="1574222469589"/><sessioninfo id="tim-Precision-Tower-3620-b65ae704" start="1574222515206" dump="1574222515364"/><sessioninfo id="tim-Precision-Tower-3620-9c70bc4e" start="1574227312398" dump="1574227312563"/><sessioninfo id="tim-Precision-Tower-3620-7a4d97d5" start="1574227633905" dump="1574227634116"/><sessioninfo id="tim-Precision-Tower-3620-9fc1b374" start="1574227684453" dump="1574227684612"/><sessioninfo id="tim-Precision-Tower-3620-ffb2f2b4" start="1574228027797" dump="1574228027974"/><sessioninfo id="tim-Precision-Tower-3620-60cf7547" start="1574228045156" dump="1574228045327"/><sessioninfo id="tim-Precision-Tower-3620-4a02766" start="1574228077155" dump="1574228077326"/><sessioninfo id="tim-Precision-Tower-3620-a506468b" start="1574228103742" dump="1574228103934"/><sessioninfo id="tim-Precision-Tower-3620-604b3220" start="1574228111878" dump="1574228112056"/><sessioninfo id="tim-Precision-Tower-3620-5d2b8b31" start="1574228179656" dump="1574228179851"/><sessioninfo id="tim-Precision-Tower-3620-d5b5c3ab" start="1574228213247" dump="1574228213433"/><sessioninfo id="tim-Precision-Tower-3620-e66e3c29" start="1574228224459" dump="1574228224649"/><sessioninfo id="tim-Precision-Tower-3620-36e27218" start="1574228903515" dump="1574228903697"/><sessioninfo id="tim-Precision-Tower-3620-54a751cd" start="1574228916680" dump="1574228916857"/><sessioninfo id="tim-Precision-Tower-3620-7b10ae2b" start="1574228956021" dump="1574228956204"/><sessioninfo id="tim-Precision-Tower-3620-2b142682" start="1574228973439" dump="1574228973604"/><sessioninfo id="tim-Precision-Tower-3620-612cc7bc" start="1574229033185" dump="1574229033361"/><sessioninfo id="tim-Precision-Tower-3620-b382286e" start="1574229043132" dump="1574229043303"/><sessioninfo id="tim-Precision-Tower-3620-4de1f224" start="1574229086344" dump="1574229086547"/><sessioninfo id="tim-Precision-Tower-3620-316bd20b" start="1574229119064" dump="1574229119247"/><sessioninfo id="tim-Precision-Tower-3620-560aec21" start="1574229134569" dump="1574229134772"/><sessioninfo id="tim-Precision-Tower-3620-9839ca4e" start="1574229157494" dump="1574229157666"/><package name="com/test/jacoco"><class name="com/test/jacoco/HelloWorld"><method name="&lt;init&gt;" desc="()V" line="7"><counter type="INSTRUCTION" missed="0" covered="3"/><counter type="LINE" missed="0" covered="2"/><counter type="COMPLEXITY" missed="0" covered="1"/><counter type="METHOD" missed="0" covered="1"/></method><method name="Method1" desc="()Ljava/lang/String;" line="12"><counter type="INSTRUCTION" missed="0" covered="2"/><counter type="LINE" missed="0" covered="1"/><counter type="COMPLEXITY" missed="0" covered="1"/><counter type="METHOD" missed="0" covered="1"/></method><method name="Method2" desc="(II)I" line="16"><counter type="INSTRUCTION" missed="0" covered="4"/><counter type="LINE" missed="0" covered="1"/><counter type="COMPLEXITY" missed="0" covered="1"/><counter type="METHOD" missed="0" covered="1"/></method><method name="Method3" desc="(III)I" line="20"><counter type="INSTRUCTION" missed="0" covered="26"/><counter type="BRANCH" missed="0" covered="10"/><counter type="LINE" missed="0" covered="6"/><counter type="COMPLEXITY" missed="0" covered="6"/><counter type="METHOD" missed="0" covered="1"/></method><method name="Method4" desc="(IIIIF)I" line="31"><counter type="INSTRUCTION" missed="0" covered="25"/><counter type="BRANCH" missed="0" covered="8"/><counter type="LINE" missed="0" covered="7"/><counter type="COMPLEXITY" missed="0" covered="5"/><counter type="METHOD" missed="0" covered="1"/></method><method name="bug" desc="(I)Z" line="43"><counter type="INSTRUCTION" missed="0" covered="7"/><counter type="BRANCH" missed="0" covered="2"/><counter type="LINE" missed="0" covered="2"/><counter type="COMPLEXITY" missed="0" covered="2"/><counter type="METHOD" missed="0" covered="1"/></method><method name="isTriangle" desc="(III)Z" line="53"><counter type="INSTRUCTION" missed="0" covered="19"/><counter type="BRANCH" missed="0" covered="6"/><counter type="LINE" missed="0" covered="1"/><counter type="COMPLEXITY" missed="0" covered="4"/><counter type="METHOD" missed="0" covered="1"/></method><method name="isBirthday" desc="(III)Z" line="62"><counter type="INSTRUCTION" missed="0" covered="110"/><counter type="BRANCH" missed="0" covered="24"/><counter type="LINE" missed="0" covered="17"/><counter type="COMPLEXITY" missed="0" covered="13"/><counter type="METHOD" missed="0" covered="1"/></method><method name="isLeapYear" desc="(I)Z" line="84"><counter type="INSTRUCTION" missed="0" covered="18"/><counter type="BRANCH" missed="0" covered="6"/><counter type="LINE" missed="0" covered="5"/><counter type="COMPLEXITY" missed="0" covered="4"/><counter type="METHOD" missed="0" covered="1"/></method><method name="miniCalculator" desc="(DDC)Ljava/lang/Double;" line="97"><counter type="INSTRUCTION" missed="0" covered="30"/><counter type="BRANCH" missed="0" covered="5"/><counter type="LINE" missed="0" covered="8"/><counter type="COMPLEXITY" missed="0" covered="5"/><counter type="METHOD" missed="0" covered="1"/></method><counter type="INSTRUCTION" missed="0" covered="244"/><counter type="BRANCH" missed="0" covered="61"/><counter type="LINE" missed="0" covered="50"/><counter type="COMPLEXITY" missed="0" covered="42"/><counter type="METHOD" missed="0" covered="10"/><counter type="CLASS" missed="0" covered="1"/></class><sourcefile name="HelloWorld.java"><line nr="7" mi="0" ci="2" mb="0" cb="0"/><line nr="9" mi="0" ci="1" mb="0" cb="0"/><line nr="12" mi="0" ci="2" mb="0" cb="0"/><line nr="16" mi="0" ci="4" mb="0" cb="0"/><line nr="20" mi="0" ci="7" mb="0" cb="6"/><line nr="21" mi="0" ci="4" mb="0" cb="0"/><line nr="22" mi="0" ci="6" mb="0" cb="4"/><line nr="23" mi="0" ci="4" mb="0" cb="0"/><line nr="25" mi="0" ci="3" mb="0" cb="0"/><line nr="27" mi="0" ci="2" mb="0" cb="0"/><line nr="31" mi="0" ci="2" mb="0" cb="2"/><line nr="32" mi="0" ci="2" mb="0" cb="0"/><line nr="34" mi="0" ci="2" mb="0" cb="0"/><line nr="35" mi="0" ci="10" mb="0" cb="6"/><line nr="36" mi="0" ci="2" mb="0" cb="0"/><line nr="38" mi="0" ci="5" mb="0" cb="0"/><line nr="39" mi="0" ci="2" mb="0" cb="0"/><line nr="43" mi="0" ci="5" mb="0" cb="2"/><line nr="44" mi="0" ci="2" mb="0" cb="0"/><line nr="53" mi="0" ci="19" mb="0" cb="6"/><line nr="62" mi="0" ci="51" mb="0" cb="0"/><line nr="63" mi="0" ci="6" mb="0" cb="4"/><line nr="64" mi="0" ci="2" mb="0" cb="0"/><line nr="65" mi="0" ci="6" mb="0" cb="4"/><line nr="66" mi="0" ci="2" mb="0" cb="0"/><line nr="67" mi="0" ci="3" mb="0" cb="2"/><line nr="68" mi="0" ci="2" mb="0" cb="0"/><line nr="69" mi="0" ci="7" mb="0" cb="4"/><line nr="70" mi="0" ci="4" mb="0" cb="0"/><line nr="71" mi="0" ci="7" mb="0" cb="2"/><line nr="72" mi="0" ci="2" mb="0" cb="0"/><line nr="73" mi="0" ci="3" mb="0" cb="2"/><line nr="74" mi="0" ci="3" mb="0" cb="2"/><line nr="75" mi="0" ci="2" mb="0" cb="0"/><line nr="76" mi="0" ci="6" mb="0" cb="4"/><line nr="77" mi="0" ci="2" mb="0" cb="0"/><line nr="79" mi="0" ci="2" mb="0" cb="0"/><line nr="84" mi="0" ci="8" mb="0" cb="4"/><line nr="85" mi="0" ci="2" mb="0" cb="0"/><line nr="86" mi="0" ci="4" mb="0" cb="2"/><line nr="87" mi="0" ci="2" mb="0" cb="0"/><line nr="88" mi="0" ci="2" mb="0" cb="0"/><line nr="97" mi="0" ci="2" mb="0" cb="0"/><line nr="98" mi="0" ci="2" mb="0" cb="5"/><line nr="99" mi="0" ci="5" mb="0" cb="0"/><line nr="100" mi="0" ci="5" mb="0" cb="0"/><line nr="101" mi="0" ci="5" mb="0" cb="0"/><line nr="102" mi="0" ci="5" mb="0" cb="0"/><line nr="103" mi="0" ci="3" mb="0" cb="0"/><line nr="105" mi="0" ci="3" mb="0" cb="0"/><counter type="INSTRUCTION" missed="0" covered="244"/><counter type="BRANCH" missed="0" covered="61"/><counter type="LINE" missed="0" covered="50"/><counter type="COMPLEXITY" missed="0" covered="42"/><counter type="METHOD" missed="0" covered="10"/><counter type="CLASS" missed="0" covered="1"/></sourcefile><counter type="INSTRUCTION" missed="0" covered="244"/><counter type="BRANCH" missed="0" covered="61"/><counter type="LINE" missed="0" covered="50"/><counter type="COMPLEXITY" missed="0" covered="42"/><counter type="METHOD" missed="0" covered="10"/><counter type="CLASS" missed="0" covered="1"/></package><counter type="INSTRUCTION" missed="0" covered="244"/><counter type="BRANCH" missed="0" covered="61"/><counter type="LINE" missed="0" covered="50"/><counter type="COMPLEXITY" missed="0" covered="42"/><counter type="METHOD" missed="0" covered="10"/><counter type="CLASS" missed="0" covered="1"/></report>